0 info it worked if it ends with ok
1 verbose cli [ 'C:\\Program Files\\nodejs\\node.exe',
1 verbose cli   'C:\\Program Files\\nodejs\\node_modules\\npm\\bin\\npm-cli.js',
1 verbose cli   'start' ]
2 info using npm@3.10.10
3 info using node@v6.11.4
4 verbose run-script [ 'prestart', 'start', 'poststart' ]
5 info lifecycle quickStart@1.0.0~prestart: quickStart@1.0.0
6 silly lifecycle quickStart@1.0.0~prestart: no script for prestart, continuing
7 info lifecycle quickStart@1.0.0~start: quickStart@1.0.0
8 verbose lifecycle quickStart@1.0.0~start: unsafe-perm in lifecycle true
9 verbose lifecycle quickStart@1.0.0~start: PATH: C:\Program Files\nodejs\node_modules\npm\bin\node-gyp-bin;c:\Users\Austin Keen\Documents\reddit-electron\node_modules\.bin;C:\ProgramData\Oracle\Java\javapath;C:\Program Files (x86)\Intel\iCLS Client\;C:\Program Files\Intel\iCLS Client\;C:\Windows\system32;C:\Windows;C:\Windows\System32\Wbem;C:\Windows\System32\WindowsPowerShell\v1.0\;C:\Program Files\Intel\Intel(R) Management Engine Components\DAL;C:\Program Files (x86)\Intel\Intel(R) Management Engine Components\DAL;C:\Program Files\Intel\Intel(R) Management Engine Components\IPT;C:\Program Files (x86)\Intel\Intel(R) Management Engine Components\IPT;C:\Program Files (x86)\Common Files\Lenovo;C:\Program Files (x86)\Common Files\lenovo\easyplussdk\bin;C:\SWTOOLS\ReadyApps;C:\Program Files (x86)\Skype\Phone\;C:\Program Files\Intel\WiFi\bin\;C:\Program Files\Common Files\Intel\WirelessCommon\;C:\HashiCorp\Vagrant\bin;C:\Program Files\Git\cmd;C:\Users\Austin Keen\.dnx\bin;C:\Program Files\Microsoft DNX\Dnvm\;C:\Program Files\Microsoft SQL Server\130\Tools\Binn\;C:\Program Files (x86)\Microsoft SQL Server\110\DTS\Binn\;C:\Program Files (x86)\Microsoft SQL Server\120\DTS\Binn\;C:\Program Files (x86)\Microsoft SQL Server\130\DTS\Binn\;C:\Program Files (x86)\RemObjects Software\Elements\bin;C:\Program Files\nodejs\;C:\Program Files\Intel\WiFi\bin\;C:\Program Files\Common Files\Intel\WirelessCommon\;C:\Program Files (x86)\Microsoft VS Code\bin;C:\Users\Austin Keen\AppData\Roaming\npm
10 verbose lifecycle quickStart@1.0.0~start: CWD: c:\Users\Austin Keen\Documents\reddit-electron
11 silly lifecycle quickStart@1.0.0~start: Args: [ '/d /s /c', 'webpack && electron .' ]
12 silly lifecycle quickStart@1.0.0~start: Returned: code: 2  signal: null
13 info lifecycle quickStart@1.0.0~start: Failed to exec start script
14 verbose stack Error: quickStart@1.0.0 start: `webpack && electron .`
14 verbose stack Exit status 2
14 verbose stack     at EventEmitter.<anonymous> (C:\Program Files\nodejs\node_modules\npm\lib\utils\lifecycle.js:255:16)
14 verbose stack     at emitTwo (events.js:106:13)
14 verbose stack     at EventEmitter.emit (events.js:191:7)
14 verbose stack     at ChildProcess.<anonymous> (C:\Program Files\nodejs\node_modules\npm\lib\utils\spawn.js:40:14)
14 verbose stack     at emitTwo (events.js:106:13)
14 verbose stack     at ChildProcess.emit (events.js:191:7)
14 verbose stack     at maybeClose (internal/child_process.js:920:16)
14 verbose stack     at Process.ChildProcess._handle.onexit (internal/child_process.js:230:5)
15 verbose pkgid quickStart@1.0.0
16 verbose cwd c:\Users\Austin Keen\Documents\reddit-electron\src\components
17 error Windows_NT 6.1.7601
18 error argv "C:\\Program Files\\nodejs\\node.exe" "C:\\Program Files\\nodejs\\node_modules\\npm\\bin\\npm-cli.js" "start"
19 error node v6.11.4
20 error npm  v3.10.10
21 error code ELIFECYCLE
22 error quickStart@1.0.0 start: `webpack && electron .`
22 error Exit status 2
23 error Failed at the quickStart@1.0.0 start script 'webpack && electron .'.
23 error Make sure you have the latest version of node.js and npm installed.
23 error If you do, this is most likely a problem with the quickStart package,
23 error not with npm itself.
23 error Tell the author that this fails on your system:
23 error     webpack && electron .
23 error You can get information on how to open an issue for this project with:
23 error     npm bugs quickStart
23 error Or if that isn't available, you can get their info via:
23 error     npm owner ls quickStart
23 error There is likely additional logging output above.
24 verbose exit [ 1, true ]
